N E X T F L O W  ~  version 23.10.1
Launching `/mnt/DATAR09/DATA_CONGNGUYEN/pipeline/nf-core-doradobasecalling/main.nf` [evil_leibniz] DSL2 - revision: 748cff58fb
[33mWARN: Access to undefined parameter `genomes` -- Initialise it to a default value eg. `params.genomes = some_value`[39m[K
[33mWARN: The following invalid input values have been detected:

* --basecalling_model: models/dna_r10.4.1_e8.2_400bps_hac@v4.3.0
* --modification_model: 5mCG_5hmCG
* --barcode_kit: SQK-NBD114-24
* --min_qscore: 7
* --reference: /mnt/DATAR09/DATA_CONGNGUYEN/pipeline/nf-core-doradobasecalling/reference/hg38_selected.fa
* --min_align_score: 10
* --min_length: 20

[39m[K
[33mWARN: Access to undefined parameter `genome` -- Initialise it to a default value eg. `params.genome = some_value`[39m[K
[33mWARN: Access to undefined parameter `igenomes_ignore` -- Initialise it to a default value eg. `params.igenomes_ignore = some_value`[39m[K
[33mWARN: ~~~~~~~~~~~~~~~~~~~~~~~~~~~~~~~~~~~~~~~~~~~~~~~~~~~~~~~~~~~~~~~~~~~~~~~~~~~~~~
  There is a problem with your Conda configuration!

  You will need to set-up the conda-forge and bioconda channels correctly.
  Please refer to https://bioconda.github.io/
  The observed channel order is 
  [bioconda, conda-forge, defaults]
  but the following channel order is required:
  [conda-forge, bioconda, defaults]
~~~~~~~~~~~~~~~~~~~~~~~~~~~~~~~~~~~~~~~~~~~~~~~~~~~~~~~~~~~~~~~~~~~~~~~~~~~~~~~~~~~[39m[K


-[2m----------------------------------------------------[0m-
                                        [0;32m,--.[0;30m/[0;32m,-.[0m
[0;34m        ___     __   __   __   ___     [0;32m/,-._.--~'[0m
[0;34m  |\ | |__  __ /  ` /  \ |__) |__         [0;33m}  {[0m
[0;34m  | \| |       \__, \__/ |  \ |___     [0;32m\`-._,-`-,[0m
                                        [0;32m`._,._,'[0m
[0;35m  nf-core/doradobasecalling v1.0dev[0m
-[2m----------------------------------------------------[0m-
[1mCore Nextflow options[0m
  [0;34mrunName        : [0;32mevil_leibniz[0m
  [0;34mcontainerEngine: [0;32msingularity[0m
  [0;34mlaunchDir      : [0;32m/mnt/DATAR09/DATA_CONGNGUYEN/pipeline/nf-core-doradobasecalling[0m
  [0;34mworkDir        : [0;32m/mnt/DATAR09/DATA_CONGNGUYEN/pipeline/work[0m
  [0;34mprojectDir     : [0;32m/mnt/DATAR09/DATA_CONGNGUYEN/pipeline/nf-core-doradobasecalling[0m
  [0;34muserName       : [0;32mcongnguyen[0m
  [0;34mprofile        : [0;32mconda,singularity[0m
  [0;34mconfigFiles    : [0;32m[0m

[1mInput/output options[0m
  [0;34minput          : [0;32m/mnt/DATAR09/DATA_CONGNGUYEN/pipeline/nf-core-doradobasecalling/assets/samplesheet_Nanopore02.csv[0m
  [0;34moutdir         : [0;32m/mnt/DATAR09/DATA_CONGNGUYEN/pipeline/NANOPORE_DATA/Basecalling_result/selected/basecalling_result_Nanopore02[0m

!! Only displaying parameters that differ from the pipeline defaults !!
-[2m----------------------------------------------------[0m-
If you use nf-core/doradobasecalling for your analysis please cite:

* The nf-core framework
  https://doi.org/10.1038/s41587-020-0439-x

* Software dependencies
  https://github.com/nf-core/doradobasecalling/blob/master/CITATIONS.md

[-        ] process > NFCORE_DORADOBASECALLING:DO... -[K
[-        ] process > NFCORE_DORADOBASECALLING:DO... -[K
[-        ] process > NFCORE_DORADOBASECALLING:DO... -[K
[-        ] process > NFCORE_DORADOBASECALLING:DO... -[K
[-        ] process > NFCORE_DORADOBASECALLING:DO... -[K
[-        ] process > NFCORE_DORADOBASECALLING:DO... -[K
[-        ] process > NFCORE_DORADOBASECALLING:DO... -[K
[-        ] process > NFCORE_DORADOBASECALLING:DO... -[K
[9A
[-        ] process > NFCORE_DORADOBASECALLING:DO... -[K
[-        ] process > NFCORE_DORADOBASECALLING:DO... -[K
[-        ] process > NFCORE_DORADOBASECALLING:DO... -[K
[-        ] process > NFCORE_DORADOBASECALLING:DO... -[K
[-        ] process > NFCORE_DORADOBASECALLING:DO... -[K
[-        ] process > NFCORE_DORADOBASECALLING:DO... -[K
[-        ] process > NFCORE_DORADOBASECALLING:DO... -[K
[-        ] process > NFCORE_DORADOBASECALLING:DO... -[K
[-        ] process > NFCORE_DORADOBASECALLING:DO... -[K
[10A
[9c/8fff93] process > NFCORE_DORADOBASECALLING:DO... [100%] 1 of 1, cached: 1 ✔[K
[-        ] process > NFCORE_DORADOBASECALLING:DO... -[K
[-        ] process > NFCORE_DORADOBASECALLING:DO... -[K
[-        ] process > NFCORE_DORADOBASECALLING:DO... -[K
[-        ] process > NFCORE_DORADOBASECALLING:DO... -[K
[-        ] process > NFCORE_DORADOBASECALLING:DO... -[K
[-        ] process > NFCORE_DORADOBASECALLING:DO... -[K
[-        ] process > NFCORE_DORADOBASECALLING:DO... -[K
[-        ] process > NFCORE_DORADOBASECALLING:DO... -[K
[10A
[9c/8fff93] process > NFCORE_DORADOBASECALLING:DO... [100%] 1 of 1, cached: 1 ✔[K
[-        ] process > NFCORE_DORADOBASECALLING:DO... -[K
[-        ] process > NFCORE_DORADOBASECALLING:DO... -[K
[-        ] process > NFCORE_DORADOBASECALLING:DO... -[K
[-        ] process > NFCORE_DORADOBASECALLING:DO... -[K
[-        ] process > NFCORE_DORADOBASECALLING:DO... -[K
[-        ] process > NFCORE_DORADOBASECALLING:DO... -[K
[-        ] process > NFCORE_DORADOBASECALLING:DO... -[K
[-        ] process > NFCORE_DORADOBASECALLING:DO... -[K
[batchID:Nanopore02, pod5:/mnt/DATAR09/DATA_CONGNGUYEN/pipeline/NANOPORE_DATA/Nanopore02/20240309/20240309_1027_MN46864_FAX93880_1c886fc7/pod5][K
[11A
[9c/8fff93] process > NFCORE_DORADOBASECALLING:DO... [100%] 1 of 1, cached: 1 ✔[K
[-        ] process > NFCORE_DORADOBASECALLING:DO... [  0%] 0 of 1[K
[-        ] process > NFCORE_DORADOBASECALLING:DO... -[K
[-        ] process > NFCORE_DORADOBASECALLING:DO... -[K
[-        ] process > NFCORE_DORADOBASECALLING:DO... -[K
[-        ] process > NFCORE_DORADOBASECALLING:DO... -[K
[-        ] process > NFCORE_DORADOBASECALLING:DO... -[K
[-        ] process > NFCORE_DORADOBASECALLING:DO... -[K
[-        ] process > NFCORE_DORADOBASECALLING:DO... -[K
[batchID:Nanopore02, pod5:/mnt/DATAR09/DATA_CONGNGUYEN/pipeline/NANOPORE_DATA/Nanopore02/20240309/20240309_1027_MN46864_FAX93880_1c886fc7/pod5][K
[11A
executor >  slurm (1)[K
[9c/8fff93] process > NFCORE_DORADOBASECALLING:DO... [100%] 1 of 1, cached: 1 ✔[K
[d5/e6fcd8] process > NFCORE_DORADOBASECALLING:DO... [  0%] 0 of 1[K
[-        ] process > NFCORE_DORADOBASECALLING:DO... -[K
[-        ] process > NFCORE_DORADOBASECALLING:DO... -[K
[-        ] process > NFCORE_DORADOBASECALLING:DO... -[K
[-        ] process > NFCORE_DORADOBASECALLING:DO... -[K
[-        ] process > NFCORE_DORADOBASECALLING:DO... -[K
[-        ] process > NFCORE_DORADOBASECALLING:DO... -[K
[-        ] process > NFCORE_DORADOBASECALLING:DO... -[K
[batchID:Nanopore02, pod5:/mnt/DATAR09/DATA_CONGNGUYEN/pipeline/NANOPORE_DATA/Nanopore02/20240309/20240309_1027_MN46864_FAX93880_1c886fc7/pod5][K
[12A
executor >  slurm (1)[K
[9c/8fff93] process > NFCORE_DORADOBASECALLING:DO... [100%] 1 of 1, cached: 1 ✔[K
[d5/e6fcd8] process > NFCORE_DORADOBASECALLING:DO... [ 50%] 1 of 2, failed: 1...[K
[-        ] process > NFCORE_DORADOBASECALLING:DO... -[K
[-        ] process > NFCORE_DORADOBASECALLING:DO... -[K
[-        ] process > NFCORE_DORADOBASECALLING:DO... -[K
[-        ] process > NFCORE_DORADOBASECALLING:DO... -[K
[-        ] process > NFCORE_DORADOBASECALLING:DO... -[K
[-        ] process > NFCORE_DORADOBASECALLING:DO... -[K
[-        ] process > NFCORE_DORADOBASECALLING:DO... -[K
[batchID:Nanopore02, pod5:/mnt/DATAR09/DATA_CONGNGUYEN/pipeline/NANOPORE_DATA/Nanopore02/20240309/20240309_1027_MN46864_FAX93880_1c886fc7/pod5][K
[33m[d5/e6fcd8] NOTE: Process `NFCORE_DORADOBASECALLING:DORADOBASECALLING:DORADO_BASECALLER (Nanopore02)` terminated with an error exit status (143) -- Execution is retried (1)[39m[K
[13A
executor >  slurm (2)[K
[9c/8fff93] process > NFCORE_DORADOBASECALLING:DO... [100%] 1 of 1, cached: 1 ✔[K
[99/2cf7d4] process > NFCORE_DORADOBASECALLING:DO... [ 50%] 1 of 2, failed: 1...[K
[-        ] process > NFCORE_DORADOBASECALLING:DO... -[K
[-        ] process > NFCORE_DORADOBASECALLING:DO... -[K
[-        ] process > NFCORE_DORADOBASECALLING:DO... -[K
[-        ] process > NFCORE_DORADOBASECALLING:DO... -[K
[-        ] process > NFCORE_DORADOBASECALLING:DO... -[K
[-        ] process > NFCORE_DORADOBASECALLING:DO... -[K
[-        ] process > NFCORE_DORADOBASECALLING:DO... -[K
[batchID:Nanopore02, pod5:/mnt/DATAR09/DATA_CONGNGUYEN/pipeline/NANOPORE_DATA/Nanopore02/20240309/20240309_1027_MN46864_FAX93880_1c886fc7/pod5][K
[33m[d5/e6fcd8] NOTE: Process `NFCORE_DORADOBASECALLING:DORADOBASECALLING:DORADO_BASECALLER (Nanopore02)` terminated with an error exit status (143) -- Execution is retried (1)[39m[K
slurmstepd: error: *** JOB 1130413 ON r05 CANCELLED AT 2024-03-18T15:56:40 ***
slurmstepd: error: *** JOB 1130413 STEPD TERMINATED ON r05 AT 2024-03-18T15:57:51 DUE TO JOB NOT ENDING WITH SIGNALS ***
